2018-02-14 15:41:18.718 INFO  (main) [   ] o.e.j.s.Server jetty-9.3.20.v20170531
2018-02-14 15:41:19.031 INFO  (main) [   ] o.a.s.s.SolrDispatchFilter  ___      _       Welcome to Apache Solr™ version 7.1.0
2018-02-14 15:41:19.032 INFO  (main) [   ] o.a.s.s.SolrDispatchFilter / __| ___| |_ _   Starting in standalone mode on port 8983
2018-02-14 15:41:19.032 INFO  (main) [   ] o.a.s.s.SolrDispatchFilter \__ \/ _ \ | '_|  Install dir: /Users/parthmody/solr-7.1.0, Default config dir: /Users/parthmody/solr-7.1.0/server/solr/configsets/_default/conf
2018-02-14 15:41:19.052 INFO  (main) [   ] o.a.s.s.SolrDispatchFilter |___/\___/_|_|    Start time: 2018-02-14T15:41:19.033Z
2018-02-14 15:41:19.053 INFO  (main) [   ] o.a.s.u.StartupLoggingUtils Property solr.log.muteconsole given. Muting ConsoleAppender named CONSOLE
2018-02-14 15:41:19.071 INFO  (main) [   ] o.a.s.c.SolrResourceLoader Using system property solr.solr.home: /Users/parthmody/solr-7.1.0/server/solr
2018-02-14 15:41:19.077 INFO  (main) [   ] o.a.s.c.SolrXmlConfig Loading container configuration from /Users/parthmody/solr-7.1.0/server/solr/solr.xml
2018-02-14 15:41:19.876 INFO  (main) [   ] o.a.s.c.CorePropertiesLocator Found 1 core definitions underneath /Users/parthmody/solr-7.1.0/server/solr
2018-02-14 15:41:19.878 INFO  (main) [   ] o.a.s.c.CorePropertiesLocator Cores are: [films]
2018-02-14 15:41:19.882 INFO  (coreLoadExecutor-6-thread-1) [   ] o.a.s.c.TransientSolrCoreCacheDefault Allocating transient cache for 2147483647 transient cores
2018-02-14 15:41:19.933 INFO  (main) [   ] o.e.j.s.Server Started @1909ms
2018-02-14 15:41:19.976 INFO  (coreLoadExecutor-6-thread-1) [   x:films] o.a.s.c.SolrResourceLoader [films] Added 53 libs to classloader, from paths: [/Users/parthmody/solr-7.1.0/contrib/clustering/lib, /Users/parthmody/solr-7.1.0/contrib/extraction/lib, /Users/parthmody/solr-7.1.0/contrib/langid/lib, /Users/parthmody/solr-7.1.0/contrib/velocity/lib, /Users/parthmody/solr-7.1.0/dist]
2018-02-14 15:41:20.456 INFO  (coreLoadExecutor-6-thread-1) [   x:films] o.a.s.c.SolrConfig Using Lucene MatchVersion: 7.1.0
2018-02-14 15:41:20.583 INFO  (coreLoadExecutor-6-thread-1) [   x:films] o.a.s.s.IndexSchema [films] Schema name=default-config
2018-02-14 15:41:21.216 INFO  (coreLoadExecutor-6-thread-1) [   x:films] o.a.s.s.IndexSchema Loaded schema default-config/1.6 with uniqueid field id
2018-02-14 15:41:21.241 INFO  (coreLoadExecutor-6-thread-1) [   x:films] o.a.s.c.CoreContainer Creating SolrCore 'films' using configuration from instancedir /Users/parthmody/solr-7.1.0/server/solr/films, trusted=true
2018-02-14 15:41:21.274 INFO  (coreLoadExecutor-6-thread-1) [   x:films] o.a.s.c.SolrCore solr.RecoveryStrategy.Builder
2018-02-14 15:41:21.279 INFO  (coreLoadExecutor-6-thread-1) [   x:films] o.a.s.c.SolrCore [[films] ] Opening new SolrCore at [/Users/parthmody/solr-7.1.0/server/solr/films], dataDir=[/Users/parthmody/solr-7.1.0/server/solr/films/data/]
2018-02-14 15:41:21.312 INFO  (coreLoadExecutor-6-thread-1) [   x:films] o.a.s.r.XSLTResponseWriter xsltCacheLifetimeSeconds=5
2018-02-14 15:41:21.575 INFO  (coreLoadExecutor-6-thread-1) [   x:films] o.a.s.u.UpdateHandler Using UpdateLog implementation: org.apache.solr.update.UpdateLog
2018-02-14 15:41:21.575 INFO  (coreLoadExecutor-6-thread-1) [   x:films] o.a.s.u.UpdateLog Initializing UpdateLog: dataDir= defaultSyncLevel=FLUSH numRecordsToKeep=100 maxNumLogsToKeep=10 numVersionBuckets=65536
2018-02-14 15:41:21.623 INFO  (coreLoadExecutor-6-thread-1) [   x:films] o.a.s.u.CommitTracker Hard AutoCommit: if uncommited for 15000ms; 
2018-02-14 15:41:21.623 INFO  (coreLoadExecutor-6-thread-1) [   x:films] o.a.s.u.CommitTracker Soft AutoCommit: disabled
2018-02-14 15:41:21.881 INFO  (coreLoadExecutor-6-thread-1) [   x:films] o.a.s.s.SolrIndexSearcher Opening [Searcher@44d3a9f3[films] main]
2018-02-14 15:41:21.891 INFO  (coreLoadExecutor-6-thread-1) [   x:films] o.a.s.r.ManagedResourceStorage File-based storage initialized to use dir: /Users/parthmody/solr-7.1.0/server/solr/films/conf
2018-02-14 15:41:21.904 INFO  (coreLoadExecutor-6-thread-1) [   x:films] o.a.s.h.c.SpellCheckComponent Initializing spell checkers
2018-02-14 15:41:21.909 INFO  (coreLoadExecutor-6-thread-1) [   x:films] o.a.s.s.DirectSolrSpellChecker init: {name=default,field=_text_,classname=solr.DirectSolrSpellChecker,distanceMeasure=internal,accuracy=0.5,maxEdits=2,minPrefix=1,maxInspections=5,minQueryLength=4,maxQueryFrequency=0.01}
2018-02-14 15:41:21.917 INFO  (coreLoadExecutor-6-thread-1) [   x:films] o.a.s.h.ReplicationHandler Commits will be reserved for 10000ms.
2018-02-14 15:41:21.963 INFO  (searcherExecutor-7-thread-1-processing-x:films) [   x:films] o.a.s.c.QuerySenderListener QuerySenderListener sending requests to Searcher@44d3a9f3[films] main{ExitableDirectoryReader(UninvertingDirectoryReader(Uninverting(_1(7.1.0):C1100)))}
2018-02-14 15:41:21.963 INFO  (searcherExecutor-7-thread-1-processing-x:films) [   x:films] o.a.s.c.QuerySenderListener QuerySenderListener done.
2018-02-14 15:41:21.963 INFO  (searcherExecutor-7-thread-1-processing-x:films) [   x:films] o.a.s.h.c.SpellCheckComponent Loading spell index for spellchecker: default
2018-02-14 15:41:21.967 INFO  (searcherExecutor-7-thread-1-processing-x:films) [   x:films] o.a.s.c.SolrCore [films] Registered new searcher Searcher@44d3a9f3[films] main{ExitableDirectoryReader(UninvertingDirectoryReader(Uninverting(_1(7.1.0):C1100)))}
2018-02-14 15:41:47.403 INFO  (qtp575335780-17) [   x:films] o.a.s.u.p.LogUpdateProcessorFactory [films]  webapp=/solr path=/update params={}{add=[/en/45_2006 (1592391533268566016), /en/9_2005 (1592391533315751936), /en/69_2004 (1592391533317849088), /en/300_2007 (1592391533318897664), /en/2046_2004 (1592391533320994816), /en/quien_es_el_senor_lopez (1592391533322043392), /en/weird_al_yankovic_the_ultimate_video_collection (1592391533323091968), /en/15_park_avenue (1592391533324140544), /en/2_fast_2_furious (1592391533326237696), /en/7g_rainbow_colony (1592391533328334848), ... (1100 adds)]} 0 535
2018-02-14 15:41:47.415 INFO  (qtp575335780-13) [   x:films] o.a.s.u.DirectUpdateHandler2 start commit{_version_=1592391533765591040,optimize=false,openSearcher=true,waitSearcher=true,expungeDeletes=false,softCommit=false,prepareCommit=false}
2018-02-14 15:41:47.415 INFO  (qtp575335780-13) [   x:films] o.a.s.u.SolrIndexWriter Calling setCommitData with IW:org.apache.solr.update.SolrIndexWriter@37eeace commitCommandVersion:1592391533765591040
2018-02-14 15:41:47.590 INFO  (qtp575335780-13) [   x:films] o.a.s.s.SolrIndexSearcher Opening [Searcher@352136b5[films] main]
2018-02-14 15:41:47.592 INFO  (qtp575335780-13) [   x:films] o.a.s.u.DirectUpdateHandler2 end_commit_flush
2018-02-14 15:41:47.592 INFO  (searcherExecutor-7-thread-1-processing-x:films) [   x:films] o.a.s.c.QuerySenderListener QuerySenderListener sending requests to Searcher@352136b5[films] main{ExitableDirectoryReader(UninvertingDirectoryReader(Uninverting(_2(7.1.0):C1100)))}
2018-02-14 15:41:47.592 INFO  (searcherExecutor-7-thread-1-processing-x:films) [   x:films] o.a.s.c.QuerySenderListener QuerySenderListener done.
2018-02-14 15:41:47.593 INFO  (searcherExecutor-7-thread-1-processing-x:films) [   x:films] o.a.s.c.SolrCore [films] Registered new searcher Searcher@352136b5[films] main{ExitableDirectoryReader(UninvertingDirectoryReader(Uninverting(_2(7.1.0):C1100)))}
2018-02-14 15:41:47.595 INFO  (qtp575335780-13) [   x:films] o.a.s.u.p.LogUpdateProcessorFactory [films]  webapp=/solr path=/update params={commit=true}{commit=} 0 180
2018-02-14 15:42:44.360 INFO  (qtp575335780-18) [   x:films] o.a.s.u.p.LogUpdateProcessorFactory [films]  webapp=/solr path=/update params={}{add=[/en/45_2006 (1592391593210413056), /en/9_2005 (1592391593212510208), /en/69_2004 (1592391593213558784), /en/300_2007 (1592391593213558785), /en/2046_2004 (1592391593214607360), /en/quien_es_el_senor_lopez (1592391593214607361), /en/weird_al_yankovic_the_ultimate_video_collection (1592391593215655936), /en/15_park_avenue (1592391593215655937), /en/2_fast_2_furious (1592391593216704512), /en/7g_rainbow_colony (1592391593216704513), ... (1100 adds)]} 0 259
2018-02-14 15:42:44.365 INFO  (qtp575335780-17) [   x:films] o.a.s.u.DirectUpdateHandler2 start commit{_version_=1592391593481994240,optimize=false,openSearcher=true,waitSearcher=true,expungeDeletes=false,softCommit=false,prepareCommit=false}
2018-02-14 15:42:44.365 INFO  (qtp575335780-17) [   x:films] o.a.s.u.SolrIndexWriter Calling setCommitData with IW:org.apache.solr.update.SolrIndexWriter@37eeace commitCommandVersion:1592391593481994240
2018-02-14 15:42:44.446 INFO  (qtp575335780-17) [   x:films] o.a.s.s.SolrIndexSearcher Opening [Searcher@692837b3[films] main]
2018-02-14 15:42:44.448 INFO  (searcherExecutor-7-thread-1-processing-x:films) [   x:films] o.a.s.c.QuerySenderListener QuerySenderListener sending requests to Searcher@692837b3[films] main{ExitableDirectoryReader(UninvertingDirectoryReader(Uninverting(_3(7.1.0):C1100)))}
2018-02-14 15:42:44.448 INFO  (searcherExecutor-7-thread-1-processing-x:films) [   x:films] o.a.s.c.QuerySenderListener QuerySenderListener done.
2018-02-14 15:42:44.448 INFO  (qtp575335780-17) [   x:films] o.a.s.u.DirectUpdateHandler2 end_commit_flush
2018-02-14 15:42:44.448 INFO  (searcherExecutor-7-thread-1-processing-x:films) [   x:films] o.a.s.c.SolrCore [films] Registered new searcher Searcher@692837b3[films] main{ExitableDirectoryReader(UninvertingDirectoryReader(Uninverting(_3(7.1.0):C1100)))}
2018-02-14 15:42:44.451 INFO  (qtp575335780-17) [   x:films] o.a.s.u.p.LogUpdateProcessorFactory [films]  webapp=/solr path=/update params={commit=true}{commit=} 0 86
2018-02-14 15:44:02.492 INFO  (qtp575335780-21) [   x:films] o.a.s.u.p.LogUpdateProcessorFactory [films]  webapp=/solr path=/update params={f.directed_by.split=true&f.directed_by.separator=|&f.genre.separator=|&f.genre.split=true}{add=[/en/45_2006 (1592391675213250560), /en/9_2005 (1592391675215347712), /en/69_2004 (1592391675215347713), /en/300_2007 (1592391675215347714), /en/2046_2004 (1592391675215347715), /en/quien_es_el_senor_lopez (1592391675215347716), /en/weird_al_yankovic_the_ultimate_video_collection (1592391675216396288), /en/15_park_avenue (1592391675216396289), /en/2_fast_2_furious (1592391675216396290), /en/7g_rainbow_colony (1592391675216396291), ... (1100 adds)]} 0 183
2018-02-14 15:44:02.496 INFO  (qtp575335780-18) [   x:films] o.a.s.u.DirectUpdateHandler2 start commit{_version_=1592391675408285696,optimize=false,openSearcher=true,waitSearcher=true,expungeDeletes=false,softCommit=false,prepareCommit=false}
2018-02-14 15:44:02.496 INFO  (qtp575335780-18) [   x:films] o.a.s.u.SolrIndexWriter Calling setCommitData with IW:org.apache.solr.update.SolrIndexWriter@37eeace commitCommandVersion:1592391675408285696
2018-02-14 15:44:02.553 INFO  (qtp575335780-18) [   x:films] o.a.s.s.SolrIndexSearcher Opening [Searcher@11ffe2e7[films] main]
2018-02-14 15:44:02.554 INFO  (searcherExecutor-7-thread-1-processing-x:films) [   x:films] o.a.s.c.QuerySenderListener QuerySenderListener sending requests to Searcher@11ffe2e7[films] main{ExitableDirectoryReader(UninvertingDirectoryReader(Uninverting(_4(7.1.0):C1100)))}
2018-02-14 15:44:02.554 INFO  (searcherExecutor-7-thread-1-processing-x:films) [   x:films] o.a.s.c.QuerySenderListener QuerySenderListener done.
2018-02-14 15:44:02.554 INFO  (qtp575335780-18) [   x:films] o.a.s.u.DirectUpdateHandler2 end_commit_flush
2018-02-14 15:44:02.554 INFO  (searcherExecutor-7-thread-1-processing-x:films) [   x:films] o.a.s.c.SolrCore [films] Registered new searcher Searcher@11ffe2e7[films] main{ExitableDirectoryReader(UninvertingDirectoryReader(Uninverting(_4(7.1.0):C1100)))}
2018-02-14 15:44:02.558 INFO  (qtp575335780-18) [   x:films] o.a.s.u.p.LogUpdateProcessorFactory [films]  webapp=/solr path=/update params={f.directed_by.split=true&f.directed_by.separator=|&f.genre.separator=|&commit=true&f.genre.split=true}{commit=} 0 61
